<?xml version="1.0" encoding="UTF-8"?>
<testng-results ignored="0" total="1" passed="1" failed="0" skipped="0">
  <reporter-output>
    <line>
      <![CDATA[pass]]>
    </line>
  </reporter-output>
  <suite started-at="2025-09-21T11:39:27 IST" name="Default suite" finished-at="2025-09-21T11:39:28 IST" duration-ms="88">
    <groups>
    </groups>
    <test started-at="2025-09-21T11:39:27 IST" name="Default test" finished-at="2025-09-21T11:39:28 IST" duration-ms="88">
      <class name="com.pharmeasy.testscript.AddPatient">
        <test-method signature="addNewPatient()[pri:0, instance:com.pharmeasy.testscript.AddPatient@55182842]" started-at="2025-09-21T11:39:28 IST" name="addNewPatient" finished-at="2025-09-21T11:39:28 IST" duration-ms="17" status="PASS">
          <reporter-output>
            <line>
              <![CDATA[pass]]>
            </line>
          </reporter-output>
        </test-method> <!-- addNewPatient -->
      </class> <!-- com.pharmeasy.testscript.AddPatient -->
    </test> <!-- Default test -->
  </suite> <!-- Default suite -->
</testng-results>
